Determining if the pthread_create exist failed with the following output:
Change Dir: /home/palash/thesis/thesisROS/panda_python/cmake-build-debug/CMakeFiles/CMakeTmp

Run Build Command:"/usr/bin/make" "cmTC_8a1ef/fast"
/usr/bin/make -f CMakeFiles/cmTC_8a1ef.dir/build.make CMakeFiles/cmTC_8a1ef.dir/build
make[1]: Entering directory '/home/palash/thesis/thesisROS/panda_python/cmake-build-debug/CMakeFiles/CMakeTmp'
Building C object CMakeFiles/cmTC_8a1ef.dir/CheckSymbolExists.c.o
/usr/bin/cc    -o CMakeFiles/cmTC_8a1ef.dir/CheckSymbolExists.c.o   -c /home/palash/thesis/thesisROS/panda_python/cmake-build-debug/CMakeFiles/CMakeTmp/CheckSymbolExists.c
Linking C executable cmTC_8a1ef
/home/palash/Documents/clion-2018.3.4/bin/cmake/linux/bin/cmake -E cmake_link_script CMakeFiles/cmTC_8a1ef.dir/link.txt --verbose=1
/usr/bin/cc      -rdynamic CMakeFiles/cmTC_8a1ef.dir/CheckSymbolExists.c.o  -o cmTC_8a1ef 
CMakeFiles/cmTC_8a1ef.dir/CheckSymbolExists.c.o: In function `main':
CheckSymbolExists.c:(.text+0x16): undefined reference to `pthread_create'
collect2: error: ld returned 1 exit status
CMakeFiles/cmTC_8a1ef.dir/build.make:86: recipe for target 'cmTC_8a1ef' failed
make[1]: *** [cmTC_8a1ef] Error 1
make[1]: Leaving directory '/home/palash/thesis/thesisROS/panda_python/cmake-build-debug/CMakeFiles/CMakeTmp'
Makefile:121: recipe for target 'cmTC_8a1ef/fast' failed
make: *** [cmTC_8a1ef/fast] Error 2

File /home/palash/thesis/thesisROS/panda_python/cmake-build-debug/CMakeFiles/CMakeTmp/CheckSymbolExists.c:
/* */
#include <pthread.h>

int main(int argc, char** argv)
{
  (void)argv;
#ifndef pthread_create
  return ((int*)(&pthread_create))[argc];
#else
  (void)argc;
  return 0;
#endif
}

Determining if the function pthread_create exists in the pthreads failed with the following output:
Change Dir: /home/palash/thesis/thesisROS/panda_python/cmake-build-debug/CMakeFiles/CMakeTmp

Run Build Command:"/usr/bin/make" "cmTC_d717a/fast"
/usr/bin/make -f CMakeFiles/cmTC_d717a.dir/build.make CMakeFiles/cmTC_d717a.dir/build
make[1]: Entering directory '/home/palash/thesis/thesisROS/panda_python/cmake-build-debug/CMakeFiles/CMakeTmp'
Building C object CMakeFiles/cmTC_d717a.dir/CheckFunctionExists.c.o
/usr/bin/cc   -DCHECK_FUNCTION_EXISTS=pthread_create   -o CMakeFiles/cmTC_d717a.dir/CheckFunctionExists.c.o   -c /home/palash/Documents/clion-2018.3.4/bin/cmake/linux/share/cmake-3.13/Modules/CheckFunctionExists.c
Linking C executable cmTC_d717a
/home/palash/Documents/clion-2018.3.4/bin/cmake/linux/bin/cmake -E cmake_link_script CMakeFiles/cmTC_d717a.dir/link.txt --verbose=1
/usr/bin/cc  -DCHECK_FUNCTION_EXISTS=pthread_create    -rdynamic CMakeFiles/cmTC_d717a.dir/CheckFunctionExists.c.o  -o cmTC_d717a -lpthreads 
/usr/bin/ld: cannot find -lpthreads
collect2: error: ld returned 1 exit status
CMakeFiles/cmTC_d717a.dir/build.make:86: recipe for target 'cmTC_d717a' failed
make[1]: *** [cmTC_d717a] Error 1
make[1]: Leaving directory '/home/palash/thesis/thesisROS/panda_python/cmake-build-debug/CMakeFiles/CMakeTmp'
Makefile:121: recipe for target 'cmTC_d717a/fast' failed
make: *** [cmTC_d717a/fast] Error 2


